#! /nix/store/62zhrhrgcjya56fa1wh9ziih01vv9fd0-iverilog-12.0/bin/vvp
:ivl_version "12.0 (stable)";
:ivl_delay_selection "TYPICAL";
:vpi_time_precision - 10;
:vpi_module "/nix/store/62zhrhrgcjya56fa1wh9ziih01vv9fd0-iverilog-12.0/lib/ivl/system.vpi";
:vpi_module "/nix/store/62zhrhrgcjya56fa1wh9ziih01vv9fd0-iverilog-12.0/lib/ivl/vhdl_sys.vpi";
:vpi_module "/nix/store/62zhrhrgcjya56fa1wh9ziih01vv9fd0-iverilog-12.0/lib/ivl/vhdl_textio.vpi";
:vpi_module "/nix/store/62zhrhrgcjya56fa1wh9ziih01vv9fd0-iverilog-12.0/lib/ivl/v2005_math.vpi";
:vpi_module "/nix/store/62zhrhrgcjya56fa1wh9ziih01vv9fd0-iverilog-12.0/lib/ivl/va_math.vpi";
S_0xe30640 .scope module, "testbench" "testbench" 2 4;
 .timescale -9 -10;
v0xe88e90_0 .var "a", 31 0;
v0xe88f70_0 .var "b", 31 0;
v0xe89010_0 .var "operation", 3 0;
v0xe890e0_0 .net "res", 31 0, v0xe88c00_0;  1 drivers
S_0xe1b4b0 .scope module, "alu" "alu" 2 11, 3 3 0, S_0xe30640;
 .timescale 0 0;
    .port_info 0 /INPUT 32 "a";
    .port_info 1 /INPUT 32 "b";
    .port_info 2 /INPUT 4 "operation";
    .port_info 3 /OUTPUT 32 "res";
v0xe1b370_0 .net "a", 31 0, v0xe88e90_0;  1 drivers
v0xe88a60_0 .net "b", 31 0, v0xe88f70_0;  1 drivers
v0xe88b40_0 .net "operation", 3 0, v0xe89010_0;  1 drivers
v0xe88c00_0 .var "res", 31 0;
v0xe88ce0_0 .net "sub", 31 0, L_0xe891b0;  1 drivers
E_0xe1a370 .event anyedge, v0xe88b40_0, v0xe1b370_0, v0xe88a60_0, v0xe88ce0_0;
L_0xe891b0 .arith/sub 32, v0xe88e90_0, v0xe88f70_0;
    .scope S_0xe1b4b0;
T_0 ;
    %wait E_0xe1a370;
    %load/vec4 v0xe88b40_0;
    %dup/vec4;
    %pushi/vec4 0, 0, 4;
    %cmp/u;
    %jmp/1 T_0.0, 6;
    %dup/vec4;
    %pushi/vec4 1, 0, 4;
    %cmp/u;
    %jmp/1 T_0.1, 6;
    %dup/vec4;
    %pushi/vec4 2, 0, 4;
    %cmp/u;
    %jmp/1 T_0.2, 6;
    %dup/vec4;
    %pushi/vec4 3, 0, 4;
    %cmp/u;
    %jmp/1 T_0.3, 6;
    %dup/vec4;
    %pushi/vec4 4, 0, 4;
    %cmp/u;
    %jmp/1 T_0.4, 6;
    %dup/vec4;
    %pushi/vec4 5, 0, 4;
    %cmp/u;
    %jmp/1 T_0.5, 6;
    %dup/vec4;
    %pushi/vec4 6, 0, 4;
    %cmp/u;
    %jmp/1 T_0.6, 6;
    %dup/vec4;
    %pushi/vec4 7, 0, 4;
    %cmp/u;
    %jmp/1 T_0.7, 6;
    %dup/vec4;
    %pushi/vec4 8, 0, 4;
    %cmp/u;
    %jmp/1 T_0.8, 6;
    %dup/vec4;
    %pushi/vec4 9, 0, 4;
    %cmp/u;
    %jmp/1 T_0.9, 6;
    %dup/vec4;
    %pushi/vec4 10, 0, 4;
    %cmp/u;
    %jmp/1 T_0.10, 6;
    %pushi/vec4 0, 0, 32;
    %store/vec4 v0xe88c00_0, 0, 32;
    %jmp T_0.12;
T_0.0 ;
    %load/vec4 v0xe1b370_0;
    %store/vec4 v0xe88c00_0, 0, 32;
    %jmp T_0.12;
T_0.1 ;
    %load/vec4 v0xe1b370_0;
    %load/vec4 v0xe88a60_0;
    %add;
    %store/vec4 v0xe88c00_0, 0, 32;
    %jmp T_0.12;
T_0.2 ;
    %load/vec4 v0xe1b370_0;
    %load/vec4 v0xe88a60_0;
    %sub;
    %store/vec4 v0xe88c00_0, 0, 32;
    %jmp T_0.12;
T_0.3 ;
    %load/vec4 v0xe1b370_0;
    %load/vec4 v0xe88a60_0;
    %xor;
    %store/vec4 v0xe88c00_0, 0, 32;
    %jmp T_0.12;
T_0.4 ;
    %load/vec4 v0xe1b370_0;
    %load/vec4 v0xe88a60_0;
    %or;
    %store/vec4 v0xe88c00_0, 0, 32;
    %jmp T_0.12;
T_0.5 ;
    %load/vec4 v0xe1b370_0;
    %load/vec4 v0xe88a60_0;
    %and;
    %store/vec4 v0xe88c00_0, 0, 32;
    %jmp T_0.12;
T_0.6 ;
    %load/vec4 v0xe1b370_0;
    %ix/getv 4, v0xe88a60_0;
    %shiftl 4;
    %store/vec4 v0xe88c00_0, 0, 32;
    %jmp T_0.12;
T_0.7 ;
    %load/vec4 v0xe1b370_0;
    %ix/getv 4, v0xe88a60_0;
    %shiftr 4;
    %store/vec4 v0xe88c00_0, 0, 32;
    %jmp T_0.12;
T_0.8 ;
    %load/vec4 v0xe1b370_0;
    %parti/s 1, 31, 6;
    %load/vec4 v0xe1b370_0;
    %parti/s 31, 1, 2;
    %ix/getv 4, v0xe88a60_0;
    %shiftr 4;
    %concat/vec4; draw_concat_vec4
    %store/vec4 v0xe88c00_0, 0, 32;
    %jmp T_0.12;
T_0.9 ;
    %load/vec4 v0xe1b370_0;
    %parti/s 1, 31, 6;
    %load/vec4 v0xe88a60_0;
    %parti/s 1, 31, 6;
    %cmp/ne;
    %flag_mov 8, 4;
    %jmp/0 T_0.13, 8;
    %load/vec4 v0xe1b370_0;
    %parti/s 1, 31, 6;
    %pad/u 32;
    %jmp/1 T_0.14, 8;
T_0.13 ; End of true expr.
    %load/vec4 v0xe88ce0_0;
    %parti/s 1, 31, 6;
    %pad/u 32;
    %jmp/0 T_0.14, 8;
 ; End of false expr.
    %blend;
T_0.14;
    %store/vec4 v0xe88c00_0, 0, 32;
    %jmp T_0.12;
T_0.10 ;
    %load/vec4 v0xe1b370_0;
    %load/vec4 v0xe88a60_0;
    %cmp/u;
    %flag_get/vec4 5;
    %pad/u 32;
    %store/vec4 v0xe88c00_0, 0, 32;
    %jmp T_0.12;
T_0.12 ;
    %pop/vec4 1;
    %jmp T_0;
    .thread T_0, $push;
    .scope S_0xe30640;
T_1 ;
    %pushi/vec4 0, 0, 4;
    %store/vec4 v0xe89010_0, 0, 4;
    %end;
    .thread T_1;
    .scope S_0xe30640;
T_2 ;
    %vpi_call 2 14 "$dumpvars" {0 0 0};
    %pushi/vec4 5, 0, 32;
    %store/vec4 v0xe88e90_0, 0, 32;
    %pushi/vec4 3, 0, 32;
    %store/vec4 v0xe88f70_0, 0, 32;
    %delay 50, 0;
    %pushi/vec4 0, 0, 4;
    %store/vec4 v0xe89010_0, 0, 4;
    %delay 50, 0;
    %pushi/vec4 1, 0, 4;
    %store/vec4 v0xe89010_0, 0, 4;
    %delay 50, 0;
    %pushi/vec4 2, 0, 4;
    %store/vec4 v0xe89010_0, 0, 4;
    %delay 50, 0;
    %pushi/vec4 3, 0, 4;
    %store/vec4 v0xe89010_0, 0, 4;
    %delay 50, 0;
    %pushi/vec4 4, 0, 4;
    %store/vec4 v0xe89010_0, 0, 4;
    %delay 50, 0;
    %pushi/vec4 5, 0, 4;
    %store/vec4 v0xe89010_0, 0, 4;
    %delay 50, 0;
    %pushi/vec4 6, 0, 4;
    %store/vec4 v0xe89010_0, 0, 4;
    %delay 50, 0;
    %pushi/vec4 7, 0, 4;
    %store/vec4 v0xe89010_0, 0, 4;
    %delay 50, 0;
    %pushi/vec4 8, 0, 4;
    %store/vec4 v0xe89010_0, 0, 4;
    %delay 50, 0;
    %pushi/vec4 9, 0, 4;
    %store/vec4 v0xe89010_0, 0, 4;
    %delay 50, 0;
    %pushi/vec4 10, 0, 4;
    %store/vec4 v0xe89010_0, 0, 4;
    %delay 50, 0;
    %pushi/vec4 124, 0, 32;
    %store/vec4 v0xe88e90_0, 0, 32;
    %pushi/vec4 45, 0, 32;
    %store/vec4 v0xe88f70_0, 0, 32;
    %delay 50, 0;
    %pushi/vec4 0, 0, 4;
    %store/vec4 v0xe89010_0, 0, 4;
    %delay 50, 0;
    %pushi/vec4 1, 0, 4;
    %store/vec4 v0xe89010_0, 0, 4;
    %delay 50, 0;
    %pushi/vec4 2, 0, 4;
    %store/vec4 v0xe89010_0, 0, 4;
    %delay 50, 0;
    %pushi/vec4 3, 0, 4;
    %store/vec4 v0xe89010_0, 0, 4;
    %delay 50, 0;
    %pushi/vec4 4, 0, 4;
    %store/vec4 v0xe89010_0, 0, 4;
    %delay 50, 0;
    %pushi/vec4 5, 0, 4;
    %store/vec4 v0xe89010_0, 0, 4;
    %delay 50, 0;
    %pushi/vec4 6, 0, 4;
    %store/vec4 v0xe89010_0, 0, 4;
    %delay 50, 0;
    %pushi/vec4 7, 0, 4;
    %store/vec4 v0xe89010_0, 0, 4;
    %delay 50, 0;
    %pushi/vec4 8, 0, 4;
    %store/vec4 v0xe89010_0, 0, 4;
    %delay 50, 0;
    %pushi/vec4 9, 0, 4;
    %store/vec4 v0xe89010_0, 0, 4;
    %delay 50, 0;
    %pushi/vec4 10, 0, 4;
    %store/vec4 v0xe89010_0, 0, 4;
    %delay 50, 0;
    %pushi/vec4 4661, 0, 32;
    %store/vec4 v0xe88e90_0, 0, 32;
    %pushi/vec4 15478, 0, 32;
    %store/vec4 v0xe88f70_0, 0, 32;
    %delay 50, 0;
    %pushi/vec4 0, 0, 4;
    %store/vec4 v0xe89010_0, 0, 4;
    %delay 50, 0;
    %pushi/vec4 1, 0, 4;
    %store/vec4 v0xe89010_0, 0, 4;
    %delay 50, 0;
    %pushi/vec4 2, 0, 4;
    %store/vec4 v0xe89010_0, 0, 4;
    %delay 50, 0;
    %pushi/vec4 3, 0, 4;
    %store/vec4 v0xe89010_0, 0, 4;
    %delay 50, 0;
    %pushi/vec4 4, 0, 4;
    %store/vec4 v0xe89010_0, 0, 4;
    %delay 50, 0;
    %pushi/vec4 5, 0, 4;
    %store/vec4 v0xe89010_0, 0, 4;
    %delay 50, 0;
    %pushi/vec4 6, 0, 4;
    %store/vec4 v0xe89010_0, 0, 4;
    %delay 50, 0;
    %pushi/vec4 7, 0, 4;
    %store/vec4 v0xe89010_0, 0, 4;
    %delay 50, 0;
    %pushi/vec4 8, 0, 4;
    %store/vec4 v0xe89010_0, 0, 4;
    %delay 50, 0;
    %pushi/vec4 9, 0, 4;
    %store/vec4 v0xe89010_0, 0, 4;
    %delay 50, 0;
    %pushi/vec4 10, 0, 4;
    %store/vec4 v0xe89010_0, 0, 4;
    %delay 50, 0;
    %pushi/vec4 4294967295, 0, 32;
    %store/vec4 v0xe88e90_0, 0, 32;
    %pushi/vec4 4294967295, 0, 32;
    %store/vec4 v0xe88f70_0, 0, 32;
    %delay 50, 0;
    %pushi/vec4 0, 0, 4;
    %store/vec4 v0xe89010_0, 0, 4;
    %delay 50, 0;
    %pushi/vec4 1, 0, 4;
    %store/vec4 v0xe89010_0, 0, 4;
    %delay 50, 0;
    %pushi/vec4 2, 0, 4;
    %store/vec4 v0xe89010_0, 0, 4;
    %delay 50, 0;
    %pushi/vec4 3, 0, 4;
    %store/vec4 v0xe89010_0, 0, 4;
    %delay 50, 0;
    %pushi/vec4 4, 0, 4;
    %store/vec4 v0xe89010_0, 0, 4;
    %delay 50, 0;
    %pushi/vec4 5, 0, 4;
    %store/vec4 v0xe89010_0, 0, 4;
    %delay 50, 0;
    %pushi/vec4 6, 0, 4;
    %store/vec4 v0xe89010_0, 0, 4;
    %delay 50, 0;
    %pushi/vec4 7, 0, 4;
    %store/vec4 v0xe89010_0, 0, 4;
    %delay 50, 0;
    %pushi/vec4 8, 0, 4;
    %store/vec4 v0xe89010_0, 0, 4;
    %delay 50, 0;
    %pushi/vec4 9, 0, 4;
    %store/vec4 v0xe89010_0, 0, 4;
    %delay 50, 0;
    %pushi/vec4 10, 0, 4;
    %store/vec4 v0xe89010_0, 0, 4;
    %delay 50, 0;
    %pushi/vec4 4294967295, 0, 32;
    %store/vec4 v0xe88e90_0, 0, 32;
    %pushi/vec4 1, 0, 32;
    %store/vec4 v0xe88f70_0, 0, 32;
    %delay 50, 0;
    %pushi/vec4 0, 0, 4;
    %store/vec4 v0xe89010_0, 0, 4;
    %delay 50, 0;
    %pushi/vec4 1, 0, 4;
    %store/vec4 v0xe89010_0, 0, 4;
    %delay 50, 0;
    %pushi/vec4 2, 0, 4;
    %store/vec4 v0xe89010_0, 0, 4;
    %delay 50, 0;
    %pushi/vec4 3, 0, 4;
    %store/vec4 v0xe89010_0, 0, 4;
    %delay 50, 0;
    %pushi/vec4 4, 0, 4;
    %store/vec4 v0xe89010_0, 0, 4;
    %delay 50, 0;
    %pushi/vec4 5, 0, 4;
    %store/vec4 v0xe89010_0, 0, 4;
    %delay 50, 0;
    %pushi/vec4 6, 0, 4;
    %store/vec4 v0xe89010_0, 0, 4;
    %delay 50, 0;
    %pushi/vec4 7, 0, 4;
    %store/vec4 v0xe89010_0, 0, 4;
    %delay 50, 0;
    %pushi/vec4 8, 0, 4;
    %store/vec4 v0xe89010_0, 0, 4;
    %delay 50, 0;
    %pushi/vec4 9, 0, 4;
    %store/vec4 v0xe89010_0, 0, 4;
    %delay 50, 0;
    %pushi/vec4 10, 0, 4;
    %store/vec4 v0xe89010_0, 0, 4;
    %delay 50, 0;
    %pushi/vec4 4290000000, 0, 32;
    %store/vec4 v0xe88e90_0, 0, 32;
    %pushi/vec4 4294967295, 0, 32;
    %store/vec4 v0xe88f70_0, 0, 32;
    %delay 50, 0;
    %pushi/vec4 0, 0, 4;
    %store/vec4 v0xe89010_0, 0, 4;
    %delay 50, 0;
    %pushi/vec4 1, 0, 4;
    %store/vec4 v0xe89010_0, 0, 4;
    %delay 50, 0;
    %pushi/vec4 2, 0, 4;
    %store/vec4 v0xe89010_0, 0, 4;
    %delay 50, 0;
    %pushi/vec4 3, 0, 4;
    %store/vec4 v0xe89010_0, 0, 4;
    %delay 50, 0;
    %pushi/vec4 4, 0, 4;
    %store/vec4 v0xe89010_0, 0, 4;
    %delay 50, 0;
    %pushi/vec4 5, 0, 4;
    %store/vec4 v0xe89010_0, 0, 4;
    %delay 50, 0;
    %pushi/vec4 6, 0, 4;
    %store/vec4 v0xe89010_0, 0, 4;
    %delay 50, 0;
    %pushi/vec4 7, 0, 4;
    %store/vec4 v0xe89010_0, 0, 4;
    %delay 50, 0;
    %pushi/vec4 8, 0, 4;
    %store/vec4 v0xe89010_0, 0, 4;
    %delay 50, 0;
    %pushi/vec4 9, 0, 4;
    %store/vec4 v0xe89010_0, 0, 4;
    %delay 50, 0;
    %pushi/vec4 10, 0, 4;
    %store/vec4 v0xe89010_0, 0, 4;
    %delay 50, 0;
    %pushi/vec4 4291111111, 0, 32;
    %store/vec4 v0xe88e90_0, 0, 32;
    %pushi/vec4 4290000000, 0, 32;
    %store/vec4 v0xe88f70_0, 0, 32;
    %delay 50, 0;
    %pushi/vec4 0, 0, 4;
    %store/vec4 v0xe89010_0, 0, 4;
    %delay 50, 0;
    %pushi/vec4 1, 0, 4;
    %store/vec4 v0xe89010_0, 0, 4;
    %delay 50, 0;
    %pushi/vec4 2, 0, 4;
    %store/vec4 v0xe89010_0, 0, 4;
    %delay 50, 0;
    %pushi/vec4 3, 0, 4;
    %store/vec4 v0xe89010_0, 0, 4;
    %delay 50, 0;
    %pushi/vec4 4, 0, 4;
    %store/vec4 v0xe89010_0, 0, 4;
    %delay 50, 0;
    %pushi/vec4 5, 0, 4;
    %store/vec4 v0xe89010_0, 0, 4;
    %delay 50, 0;
    %pushi/vec4 6, 0, 4;
    %store/vec4 v0xe89010_0, 0, 4;
    %delay 50, 0;
    %pushi/vec4 7, 0, 4;
    %store/vec4 v0xe89010_0, 0, 4;
    %delay 50, 0;
    %pushi/vec4 8, 0, 4;
    %store/vec4 v0xe89010_0, 0, 4;
    %delay 50, 0;
    %pushi/vec4 9, 0, 4;
    %store/vec4 v0xe89010_0, 0, 4;
    %delay 50, 0;
    %pushi/vec4 10, 0, 4;
    %store/vec4 v0xe89010_0, 0, 4;
    %delay 50, 0;
    %pushi/vec4 429111111, 0, 32;
    %store/vec4 v0xe88e90_0, 0, 32;
    %pushi/vec4 4290000000, 0, 32;
    %store/vec4 v0xe88f70_0, 0, 32;
    %delay 50, 0;
    %pushi/vec4 0, 0, 4;
    %store/vec4 v0xe89010_0, 0, 4;
    %delay 50, 0;
    %pushi/vec4 1, 0, 4;
    %store/vec4 v0xe89010_0, 0, 4;
    %delay 50, 0;
    %pushi/vec4 2, 0, 4;
    %store/vec4 v0xe89010_0, 0, 4;
    %delay 50, 0;
    %pushi/vec4 3, 0, 4;
    %store/vec4 v0xe89010_0, 0, 4;
    %delay 50, 0;
    %pushi/vec4 4, 0, 4;
    %store/vec4 v0xe89010_0, 0, 4;
    %delay 50, 0;
    %pushi/vec4 5, 0, 4;
    %store/vec4 v0xe89010_0, 0, 4;
    %delay 50, 0;
    %pushi/vec4 6, 0, 4;
    %store/vec4 v0xe89010_0, 0, 4;
    %delay 50, 0;
    %pushi/vec4 7, 0, 4;
    %store/vec4 v0xe89010_0, 0, 4;
    %delay 50, 0;
    %pushi/vec4 8, 0, 4;
    %store/vec4 v0xe89010_0, 0, 4;
    %delay 50, 0;
    %pushi/vec4 9, 0, 4;
    %store/vec4 v0xe89010_0, 0, 4;
    %delay 50, 0;
    %pushi/vec4 10, 0, 4;
    %store/vec4 v0xe89010_0, 0, 4;
    %delay 50, 0;
    %pushi/vec4 4291111111, 0, 32;
    %store/vec4 v0xe88e90_0, 0, 32;
    %pushi/vec4 429000000, 0, 32;
    %store/vec4 v0xe88f70_0, 0, 32;
    %delay 50, 0;
    %pushi/vec4 0, 0, 4;
    %store/vec4 v0xe89010_0, 0, 4;
    %delay 50, 0;
    %pushi/vec4 1, 0, 4;
    %store/vec4 v0xe89010_0, 0, 4;
    %delay 50, 0;
    %pushi/vec4 2, 0, 4;
    %store/vec4 v0xe89010_0, 0, 4;
    %delay 50, 0;
    %pushi/vec4 3, 0, 4;
    %store/vec4 v0xe89010_0, 0, 4;
    %delay 50, 0;
    %pushi/vec4 4, 0, 4;
    %store/vec4 v0xe89010_0, 0, 4;
    %delay 50, 0;
    %pushi/vec4 5, 0, 4;
    %store/vec4 v0xe89010_0, 0, 4;
    %delay 50, 0;
    %pushi/vec4 6, 0, 4;
    %store/vec4 v0xe89010_0, 0, 4;
    %delay 50, 0;
    %pushi/vec4 7, 0, 4;
    %store/vec4 v0xe89010_0, 0, 4;
    %delay 50, 0;
    %pushi/vec4 8, 0, 4;
    %store/vec4 v0xe89010_0, 0, 4;
    %delay 50, 0;
    %pushi/vec4 9, 0, 4;
    %store/vec4 v0xe89010_0, 0, 4;
    %delay 50, 0;
    %pushi/vec4 10, 0, 4;
    %store/vec4 v0xe89010_0, 0, 4;
    %delay 50, 0;
    %vpi_call 2 123 "$finish" {0 0 0};
    %end;
    .thread T_2;
# The file index is used to find the file name in the following table.
:file_names 4;
    "N/A";
    "<interactive>";
    "alu-testbench.v";
    "alu.v";
